<?xml version="1.0" encoding="UTF-8"?>
<testng-results ignored="0" total="1" passed="1" failed="0" skipped="0">
  <reporter-output>
  </reporter-output>
  <suite started-at="2020-03-29T00:03:25Z" name="Default suite" finished-at="2020-03-29T00:03:26Z" duration-ms="457">
    <groups>
      <group name="cucumber">
        <method signature="AbstractTestNGCucumberTests.feature(cucumber.api.testng.CucumberFeatureWrapper)[pri:0, instance:com.test.testRunner.TestRunner@2e377400]" name="feature" class="cucumber.api.testng.AbstractTestNGCucumberTests"/>
      </group> <!-- cucumber -->
    </groups>
    <test started-at="2020-03-29T00:03:25Z" name="Default test" finished-at="2020-03-29T00:03:26Z" duration-ms="457">
      <class name="com.test.testRunner.TestRunner">
        <test-method is-config="true" signature="setUpClass()[pri:0, instance:com.test.testRunner.TestRunner@2e377400]" started-at="2020-03-29T00:03:25Z" name="setUpClass" finished-at="2020-03-29T00:03:26Z" duration-ms="363" status="PASS">
          <reporter-output>
          </reporter-output>
        </test-method> <!-- setUpClass -->
        <test-method signature="f()[pri:0, instance:com.test.testRunner.TestRunner@2e377400]" started-at="2020-03-29T00:03:26Z" name="f" finished-at="2020-03-29T00:03:26Z" duration-ms="6" status="PASS">
          <reporter-output>
          </reporter-output>
        </test-method> <!-- f -->
        <test-method is-config="true" signature="tearDownClass()[pri:0, instance:com.test.testRunner.TestRunner@2e377400]" started-at="2020-03-29T00:03:26Z" name="tearDownClass" finished-at="2020-03-29T00:03:26Z" duration-ms="34" status="PASS">
          <reporter-output>
          </reporter-output>
        </test-method> <!-- tearDownClass -->
      </class> <!-- com.test.testRunner.TestRunner -->
    </test> <!-- Default test -->
  </suite> <!-- Default suite -->
</testng-results>
